<?xml version="1.0" encoding="UTF-8"?>
<testng-results skipped="0" failed="0" ignored="0" total="1" passed="1">
  <reporter-output>
  </reporter-output>
  <suite name="Command line suite" duration-ms="25" started-at="2023-04-30T12:03:14 AEST" finished-at="2023-04-30T12:03:14 AEST">
    <groups>
    </groups>
    <test name="Command line test" duration-ms="25" started-at="2023-04-30T12:03:14 AEST" finished-at="2023-04-30T12:03:14 AEST">
      <class name="com.softwaretestingboard.magento.AppTest">
        <test-method status="PASS" signature="testApp()[pri:0, instance:testApp(com.softwaretestingboard.magento.AppTest)]" name="testApp" duration-ms="3" started-at="2023-04-30T12:03:14 AEST" finished-at="2023-04-30T12:03:14 AEST">
          <reporter-output>
          </reporter-output>
        </test-method> <!-- testApp -->
      </class> <!-- com.softwaretestingboard.magento.AppTest -->
    </test> <!-- Command line test -->
  </suite> <!-- Command line suite -->
</testng-results>
